#
# There is insufficient memory for the Java Runtime Environment to continue.
# Native memory allocation (malloc) failed to allocate 32744 bytes for ChunkPool::allocate
# Possible reasons:
#   The system is out of physical RAM or swap space
#   The process is running with CompressedOops enabled, and the Java Heap may be blocking the growth of the native heap
# Possible solutions:
#   Reduce memory load on the system
#   Increase physical memory or swap space
#   Check if swap backing store is full
#   Decrease Java heap size (-Xmx/-Xms)
#   Decrease number of Java threads
#   Decrease Java thread stack sizes (-Xss)
#   Set larger code cache with -XX:ReservedCodeCacheSize=
#   JVM is running with Unscaled Compressed Oops mode in which the Java heap is
#     placed in the first 4GB address space. The Java Heap base address is the
#     maximum limit for the native heap growth. Please use -XX:HeapBaseMinAddress
#     to set the Java Heap base and to place the Java Heap above 4GB virtual address.
# This output file may be truncated or incomplete.
#
#  Out of Memory Error (allocation.cpp:272), pid=12872, tid=0x0000000000004798
#
# JRE version: OpenJDK Runtime Environment (8.0_242-b01) (build 1.8.0_242-release-1644-b01)
# Java VM: OpenJDK 64-Bit Server VM (25.242-b01 mixed mode windows-amd64 compressed oops)
# Failed to write core dump. Minidumps are not enabled by default on client versions of Windows
#

---------------  T H R E A D  ---------------

Current thread (0x00000000195c0000):  JavaThread "C2 CompilerThread2" daemon [_thread_in_native, id=18328, stack(0x000000001a080000,0x000000001a180000)]

Stack: [0x000000001a080000,0x000000001a180000]
[error occurred during error reporting (printing stack bounds), id 0xc0000005]

Native frames: (J=compiled Java code, j=interpreted, Vv=VM code, C=native code)


Current CompileTask:
C2:   6223 4678       4       java.lang.Class::privateGetMethodRecursive (130 bytes)


---------------  P R O C E S S  ---------------

Java Threads: ( => current thread )
  0x00000000227d2800 JavaThread "Cache worker for Build Output Cleanup Cache (F:\supplyApp\.gradle\buildOutputCleanup)" [_thread_blocked, id=4496, stack(0x000000002a680000,0x000000002a780000)]
  0x00000000227c6800 JavaThread "jar transforms Thread 94" [_thread_blocked, id=19648, stack(0x000000002a410000,0x000000002a510000)]
  0x00000000227c8000 JavaThread "jar transforms Thread 93" [_thread_blocked, id=14288, stack(0x000000002a310000,0x000000002a410000)]
  0x00000000227cd000 JavaThread "jar transforms Thread 92" [_thread_blocked, id=19628, stack(0x000000002a210000,0x000000002a310000)]
  0x00000000227c9800 JavaThread "jar transforms Thread 91" [_thread_blocked, id=20172, stack(0x000000002a110000,0x000000002a210000)]
  0x00000000227c7000 JavaThread "jar transforms Thread 90" [_thread_blocked, id=19624, stack(0x000000002a010000,0x000000002a110000)]
  0x00000000227cb000 JavaThread "jar transforms Thread 89" [_thread_blocked, id=19720, stack(0x0000000029f10000,0x000000002a010000)]
  0x00000000227c5800 JavaThread "jar transforms Thread 88" [_thread_blocked, id=14160, stack(0x0000000029e10000,0x0000000029f10000)]
  0x00000000227ca000 JavaThread "jar transforms Thread 87" [_thread_blocked, id=19620, stack(0x0000000029d10000,0x0000000029e10000)]
  0x00000000227c8800 JavaThread "jar transforms Thread 86" [_thread_blocked, id=19004, stack(0x0000000029c10000,0x0000000029d10000)]
  0x00000000227cc800 JavaThread "jar transforms Thread 85" [_thread_blocked, id=15984, stack(0x0000000029b10000,0x0000000029c10000)]
  0x00000000227cb800 JavaThread "jar transforms Thread 84" [_thread_blocked, id=4128, stack(0x0000000029a10000,0x0000000029b10000)]
  0x000000001eeb8800 JavaThread "jar transforms Thread 83" [_thread_blocked, id=17128, stack(0x0000000029910000,0x0000000029a10000)]
  0x000000001eeb1000 JavaThread "jar transforms Thread 82" [_thread_blocked, id=8036, stack(0x0000000029810000,0x0000000029910000)]
  0x000000001eeb6000 JavaThread "jar transforms Thread 81" [_thread_blocked, id=17892, stack(0x0000000029710000,0x0000000029810000)]
  0x000000001eeb3000 JavaThread "jar transforms Thread 80" [_thread_blocked, id=452, stack(0x0000000029610000,0x0000000029710000)]
  0x000000001eeb7800 JavaThread "jar transforms Thread 79" [_thread_blocked, id=14412, stack(0x0000000029510000,0x0000000029610000)]
  0x000000001eeb5800 JavaThread "jar transforms Thread 78" [_thread_blocked, id=20176, stack(0x0000000029410000,0x0000000029510000)]
  0x000000001eeb4000 JavaThread "jar transforms Thread 77" [_thread_blocked, id=3112, stack(0x0000000029310000,0x0000000029410000)]
  0x000000001eeb2800 JavaThread "jar transforms Thread 76" [_thread_blocked, id=7632, stack(0x0000000029210000,0x0000000029310000)]
  0x000000001eeb7000 JavaThread "jar transforms Thread 75" [_thread_blocked, id=13592, stack(0x0000000029110000,0x0000000029210000)]
  0x000000001eeb1800 JavaThread "jar transforms Thread 74" [_thread_blocked, id=19028, stack(0x0000000029010000,0x0000000029110000)]
  0x000000001eeb4800 JavaThread "jar transforms Thread 73" [_thread_blocked, id=13528, stack(0x0000000028f10000,0x0000000029010000)]
  0x000000001eea9000 JavaThread "jar transforms Thread 72" [_thread_blocked, id=8668, stack(0x0000000028e10000,0x0000000028f10000)]
  0x000000001eeaf800 JavaThread "jar transforms Thread 71" [_thread_blocked, id=2692, stack(0x0000000028d10000,0x0000000028e10000)]
  0x000000001eeae800 JavaThread "jar transforms Thread 70" [_thread_blocked, id=14192, stack(0x0000000028c10000,0x0000000028d10000)]
  0x000000001eead000 JavaThread "jar transforms Thread 69" [_thread_blocked, id=8940, stack(0x0000000028b10000,0x0000000028c10000)]
  0x000000001eeae000 JavaThread "jar transforms Thread 68" [_thread_blocked, id=10012, stack(0x0000000028a10000,0x0000000028b10000)]
  0x000000001eeb0000 JavaThread "jar transforms Thread 67" [_thread_blocked, id=18924, stack(0x0000000028910000,0x0000000028a10000)]
  0x000000001eeac800 JavaThread "jar transforms Thread 66" [_thread_blocked, id=18308, stack(0x0000000028810000,0x0000000028910000)]
  0x000000001eeab800 JavaThread "jar transforms Thread 65" [_thread_blocked, id=19688, stack(0x0000000028710000,0x0000000028810000)]
  0x000000001eeab000 JavaThread "jar transforms Thread 64" [_thread_blocked, id=18052, stack(0x0000000028610000,0x0000000028710000)]
  0x000000001eeaa000 JavaThread "jar transforms Thread 63" [_thread_blocked, id=12456, stack(0x0000000028510000,0x0000000028610000)]
  0x000000001f177800 JavaThread "jar transforms Thread 62" [_thread_blocked, id=15440, stack(0x0000000028410000,0x0000000028510000)]
  0x000000001f170000 JavaThread "jar transforms Thread 61" [_thread_blocked, id=5808, stack(0x0000000028310000,0x0000000028410000)]
  0x000000001f176000 JavaThread "jar transforms Thread 60" [_thread_blocked, id=13036, stack(0x0000000028210000,0x0000000028310000)]
  0x000000001f174000 JavaThread "jar transforms Thread 59" [_thread_blocked, id=2448, stack(0x0000000028110000,0x0000000028210000)]
  0x000000001f175800 JavaThread "jar transforms Thread 58" [_thread_blocked, id=3304, stack(0x0000000028010000,0x0000000028110000)]
  0x000000001f174800 JavaThread "jar transforms Thread 57" [_thread_blocked, id=1264, stack(0x0000000027f10000,0x0000000028010000)]
  0x000000001f172800 JavaThread "jar transforms Thread 56" [_thread_blocked, id=20088, stack(0x0000000027e10000,0x0000000027f10000)]
  0x000000001f173000 JavaThread "jar transforms Thread 55" [_thread_blocked, id=1124, stack(0x0000000027d10000,0x0000000027e10000)]
  0x000000001f171800 JavaThread "jar transforms Thread 54" [_thread_blocked, id=968, stack(0x0000000027c10000,0x0000000027d10000)]
  0x000000001f177000 JavaThread "jar transforms Thread 53" [_thread_blocked, id=6980, stack(0x0000000027b10000,0x0000000027c10000)]
  0x000000001f171000 JavaThread "jar transforms Thread 52" [_thread_blocked, id=20256, stack(0x0000000027a10000,0x0000000027b10000)]
  0x000000001f168800 JavaThread "jar transforms Thread 51" [_thread_blocked, id=15764, stack(0x0000000027910000,0x0000000027a10000)]
  0x000000001f16e000 JavaThread "jar transforms Thread 50" [_thread_blocked, id=19608, stack(0x0000000027810000,0x0000000027910000)]
  0x000000001f16c800 JavaThread "jar transforms Thread 49" [_thread_blocked, id=18740, stack(0x0000000027710000,0x0000000027810000)]
  0x000000001f16a000 JavaThread "jar transforms Thread 48" [_thread_blocked, id=17788, stack(0x0000000027610000,0x0000000027710000)]
  0x000000001f16d000 JavaThread "jar transforms Thread 47" [_thread_blocked, id=16844, stack(0x0000000027510000,0x0000000027610000)]
  0x000000001f16f800 JavaThread "jar transforms Thread 46" [_thread_blocked, id=20432, stack(0x0000000027410000,0x0000000027510000)]
  0x000000001f16b000 JavaThread "jar transforms Thread 45" [_thread_blocked, id=4744, stack(0x0000000027310000,0x0000000027410000)]
  0x000000001f16e800 JavaThread "jar transforms Thread 44" [_thread_blocked, id=19372, stack(0x0000000027210000,0x0000000027310000)]
  0x000000001f169800 JavaThread "jar transforms Thread 43" [_thread_blocked, id=13748, stack(0x0000000027110000,0x0000000027210000)]
  0x000000001f16b800 JavaThread "jar transforms Thread 42" [_thread_blocked, id=9368, stack(0x0000000027010000,0x0000000027110000)]
  0x000000001ef67000 JavaThread "jar transforms Thread 41" [_thread_blocked, id=5404, stack(0x0000000026f10000,0x0000000027010000)]
  0x000000001ef65000 JavaThread "jar transforms Thread 40" [_thread_blocked, id=17468, stack(0x0000000026e10000,0x0000000026f10000)]
  0x000000001ef66800 JavaThread "jar transforms Thread 39" [_thread_blocked, id=3844, stack(0x0000000026d10000,0x0000000026e10000)]
  0x000000001ef64000 JavaThread "jar transforms Thread 38" [_thread_blocked, id=4088, stack(0x0000000026c10000,0x0000000026d10000)]
  0x000000001ef63800 JavaThread "jar transforms Thread 37" [_thread_blocked, id=14684, stack(0x0000000026b10000,0x0000000026c10000)]
  0x000000001ef62800 JavaThread "jar transforms Thread 36" [_thread_blocked, id=508, stack(0x0000000026a10000,0x0000000026b10000)]
  0x000000001ef62000 JavaThread "jar transforms Thread 35" [_thread_blocked, id=19940, stack(0x0000000026910000,0x0000000026a10000)]
  0x000000001ef61000 JavaThread "jar transforms Thread 34" [_thread_blocked, id=16708, stack(0x0000000026810000,0x0000000026910000)]
  0x000000001ef65800 JavaThread "jar transforms Thread 33" [_thread_blocked, id=1788, stack(0x0000000026710000,0x0000000026810000)]
  0x000000001ef59800 JavaThread "jar transforms Thread 32" [_thread_blocked, id=20352, stack(0x0000000026610000,0x0000000026710000)]
  0x000000001ef60800 JavaThread "jar transforms Thread 31" [_thread_blocked, id=8564, stack(0x0000000026510000,0x0000000026610000)]
  0x000000001ef5f800 JavaThread "jar transforms Thread 30" [_thread_blocked, id=2900, stack(0x0000000026410000,0x0000000026510000)]
  0x000000001ef59000 JavaThread "jar transforms Thread 29" [_thread_blocked, id=20004, stack(0x0000000026310000,0x0000000026410000)]
  0x000000001ef5f000 JavaThread "jar transforms Thread 28" [_thread_blocked, id=9284, stack(0x0000000026210000,0x0000000026310000)]
  0x000000001ef5a800 JavaThread "jar transforms Thread 27" [_thread_blocked, id=13648, stack(0x0000000026110000,0x0000000026210000)]
  0x000000001ef5c800 JavaThread "jar transforms Thread 26" [_thread_blocked, id=20408, stack(0x0000000026010000,0x0000000026110000)]
  0x000000001ef5c000 JavaThread "jar transforms Thread 25" [_thread_blocked, id=15664, stack(0x0000000025f10000,0x0000000026010000)]
  0x000000001ef5d800 JavaThread "jar transforms Thread 24" [_thread_blocked, id=11508, stack(0x0000000025e10000,0x0000000025f10000)]
  0x000000001ef5b000 JavaThread "jar transforms Thread 23" [_thread_blocked, id=15568, stack(0x0000000025d10000,0x0000000025e10000)]
  0x000000001ef58000 JavaThread "jar transforms Thread 22" [_thread_blocked, id=11832, stack(0x0000000025c10000,0x0000000025d10000)]
  0x000000001ef5e000 JavaThread "jar transforms Thread 21" [_thread_blocked, id=10096, stack(0x0000000025b10000,0x0000000025c10000)]
  0x000000001b87a800 JavaThread "jar transforms Thread 20" [_thread_blocked, id=14504, stack(0x0000000025a10000,0x0000000025b10000)]
  0x000000001b881000 JavaThread "jar transforms Thread 19" [_thread_blocked, id=15188, stack(0x0000000025910000,0x0000000025a10000)]
  0x000000001b880800 JavaThread "jar transforms Thread 18" [_thread_blocked, id=3340, stack(0x0000000025810000,0x0000000025910000)]
  0x000000001b87f800 JavaThread "jar transforms Thread 17" [_thread_blocked, id=7788, stack(0x0000000025710000,0x0000000025810000)]
  0x000000001b87f000 JavaThread "jar transforms Thread 16" [_thread_blocked, id=14972, stack(0x0000000025610000,0x0000000025710000)]
  0x000000001b87b000 JavaThread "jar transforms Thread 15" [_thread_blocked, id=7196, stack(0x0000000025510000,0x0000000025610000)]
  0x000000001b87e000 JavaThread "jar transforms Thread 14" [_thread_blocked, id=12300, stack(0x0000000025410000,0x0000000025510000)]
  0x000000001b87d800 JavaThread "jar transforms Thread 13" [_thread_blocked, id=7412, stack(0x0000000025310000,0x0000000025410000)]
  0x000000001b87c800 JavaThread "jar transforms Thread 12" [_thread_blocked, id=6792, stack(0x0000000025210000,0x0000000025310000)]
  0x000000001b87c000 JavaThread "jar transforms Thread 11" [_thread_blocked, id=2224, stack(0x0000000025110000,0x0000000025210000)]
  0x000000001b24c800 JavaThread "jar transforms Thread 10" [_thread_blocked, id=8432, stack(0x0000000025010000,0x0000000025110000)]
  0x000000001b24b000 JavaThread "jar transforms Thread 9" [_thread_blocked, id=3596, stack(0x0000000024f10000,0x0000000025010000)]
  0x000000001b24a800 JavaThread "jar transforms Thread 8" [_thread_blocked, id=6988, stack(0x0000000024e10000,0x0000000024f10000)]
  0x000000001b249800 JavaThread "jar transforms Thread 7" [_thread_blocked, id=1152, stack(0x0000000024d10000,0x0000000024e10000)]
  0x000000001b249000 JavaThread "jar transforms Thread 6" [_thread_blocked, id=2464, stack(0x0000000024c10000,0x0000000024d10000)]
  0x000000001b24d800 JavaThread "jar transforms Thread 5" [_thread_blocked, id=7912, stack(0x0000000024b10000,0x0000000024c10000)]
  0x000000001b24c000 JavaThread "jar transforms Thread 4" [_thread_blocked, id=13864, stack(0x0000000024a10000,0x0000000024b10000)]
  0x000000001b243000 JavaThread "jar transforms Thread 3" [_thread_blocked, id=9488, stack(0x0000000024910000,0x0000000024a10000)]
  0x000000001b248000 JavaThread "jar transforms Thread 2" [_thread_blocked, id=13124, stack(0x0000000024810000,0x0000000024910000)]
  0x000000001b247800 JavaThread "Build operations Thread 8" [_thread_blocked, id=17188, stack(0x0000000024710000,0x0000000024810000)]
  0x000000001b240000 JavaThread "Build operations Thread 7" [_thread_blocked, id=16960, stack(0x0000000024610000,0x0000000024710000)]
  0x000000001b246800 JavaThread "Build operations Thread 6" [_thread_blocked, id=20060, stack(0x0000000024510000,0x0000000024610000)]
  0x000000001b242000 JavaThread "Build operations Thread 5" [_thread_blocked, id=14624, stack(0x0000000024410000,0x0000000024510000)]
  0x000000001b23f000 JavaThread "Build operations Thread 4" [_thread_blocked, id=17676, stack(0x0000000024310000,0x0000000024410000)]
  0x000000001b244800 JavaThread "Build operations Thread 3" [_thread_blocked, id=17856, stack(0x0000000024210000,0x0000000024310000)]
  0x000000001b240800 JavaThread "Build operations Thread 2" [_thread_blocked, id=13292, stack(0x0000000024110000,0x0000000024210000)]
  0x000000001b246000 JavaThread "Build operations" [_thread_blocked, id=1632, stack(0x0000000024010000,0x0000000024110000)]
  0x000000001c32c000 JavaThread "Cache worker for file content cache (C:\Users\Study\.gradle\caches\6.5\fileContent)" [_thread_blocked, id=9500, stack(0x0000000021f70000,0x0000000022070000)]
  0x000000001c32b800 JavaThread "jar transforms" [_thread_blocked, id=14376, stack(0x0000000020e40000,0x0000000020f40000)]
  0x000000001c332000 JavaThread "Cache worker for execution history cache (C:\Users\Study\.gradle\caches\6.5\executionHistory)" [_thread_blocked, id=11100, stack(0x0000000020d40000,0x0000000020e40000)]
  0x000000001c32d000 JavaThread "Cache worker for cache directory md-rule (C:\Users\Study\.gradle\caches\6.5\md-rule)" [_thread_blocked, id=18500, stack(0x0000000020c40000,0x0000000020d40000)]
  0x000000001c331800 JavaThread "Cache worker for cache directory md-supplier (C:\Users\Study\.gradle\caches\6.5\md-supplier)" [_thread_blocked, id=13724, stack(0x0000000020b40000,0x0000000020c40000)]
  0x000000001c330000 JavaThread "Cache worker for checksums cache (F:\supplyApp\.gradle\checksums)" [_thread_blocked, id=2312, stack(0x0000000020a40000,0x0000000020b40000)]
  0x000000001c330800 JavaThread "Cache worker for file hash cache (F:\supplyApp\.gradle\6.5\fileHashes)" [_thread_blocked, id=9688, stack(0x0000000023310000,0x0000000023410000)]
  0x000000001c32f000 JavaThread "Cache worker for file hash cache (C:\Users\Study\.gradle\caches\6.5\fileHashes)" [_thread_blocked, id=9096, stack(0x000000001f570000,0x000000001f670000)]
  0x000000001c32e800 JavaThread "File lock request listener" [_thread_in_native, id=15724, stack(0x000000001e4a0000,0x000000001e5a0000)]
  0x000000001c162000 JavaThread "Cache worker for journal cache (C:\Users\Study\.gradle\caches\journal-1)" [_thread_blocked, id=19864, stack(0x000000001e3a0000,0x000000001e4a0000)]
  0x000000001c12e000 JavaThread "Thread-9" [_thread_blocked, id=20340, stack(0x000000001e0a0000,0x000000001e1a0000)]
  0x000000001c13a800 JavaThread "Stdin handler" [_thread_blocked, id=19896, stack(0x000000001dfa0000,0x000000001e0a0000)]
  0x000000001c139800 JavaThread "Asynchronous log dispatcher for DefaultDaemonConnection: socket connection from /127.0.0.1:56156 to /127.0.0.1:56157" [_thread_blocked, id=1200, stack(0x000000001dea0000,0x000000001dfa0000)]
  0x000000001c15b000 JavaThread "Daemon worker" [_thread_in_Java, id=2992, stack(0x000000001dda0000,0x000000001dea0000)]
  0x000000001c10b000 JavaThread "Cancel handler" [_thread_blocked, id=14876, stack(0x000000001dba0000,0x000000001dca0000)]
  0x000000001c0f0800 JavaThread "Handler for socket connection from /127.0.0.1:56156 to /127.0.0.1:56157" [_thread_in_native, id=19772, stack(0x000000001d8a0000,0x000000001d9a0000)]
  0x000000001c0e8800 JavaThread "Daemon" [_thread_blocked, id=6188, stack(0x000000001d7a0000,0x000000001d8a0000)]
  0x000000001c0db800 JavaThread "Daemon periodic checks" [_thread_blocked, id=17640, stack(0x000000001d6a0000,0x000000001d7a0000)]
  0x000000001c07d000 JavaThread "Incoming local TCP Connector on port 56156" [_thread_in_native, id=1232, stack(0x000000001d460000,0x000000001d560000)]
  0x000000001c062000 JavaThread "Daemon health stats" [_thread_blocked, id=13940, stack(0x000000001ce20000,0x000000001cf20000)]
  0x0000000019654000 JavaThread "Service Thread" daemon [_thread_blocked, id=1608, stack(0x000000001a280000,0x000000001a380000)]
  0x00000000195ce800 JavaThread "C1 CompilerThread3" daemon [_thread_blocked, id=3424, stack(0x000000001a180000,0x000000001a280000)]
=>0x00000000195c0000 JavaThread "C2 CompilerThread2" daemon [_thread_in_native, id=18328, stack(0x000000001a080000,0x000000001a180000)]
  0x00000000195b9000 JavaThread "C2 CompilerThread1" daemon [_thread_in_native, id=4372, stack(0x0000000019f80000,0x000000001a080000)]
  0x00000000195b3000 JavaThread "C2 CompilerThread0" daemon [_thread_in_native, id=15096, stack(0x0000000019e80000,0x0000000019f80000)]
  0x00000000195b2000 JavaThread "Attach Listener" daemon [_thread_blocked, id=14676, stack(0x0000000019d80000,0x0000000019e80000)]
  0x00000000195b0000 JavaThread "Signal Dispatcher" daemon [_thread_blocked, id=20128, stack(0x0000000019c80000,0x0000000019d80000)]
  0x00000000195a1800 JavaThread "Finalizer" daemon [_thread_blocked, id=3468, stack(0x0000000019a80000,0x0000000019b80000)]
  0x00000000177bc800 JavaThread "Reference Handler" daemon [_thread_blocked, id=17740, stack(0x0000000019980000,0x0000000019a80000)]
  0x0000000002652800 JavaThread "main" [_thread_blocked, id=20416, stack(0x0000000002470000,0x0000000002570000)]

Other Threads:
  0x00000000177b6000 VMThread [stack: 0x0000000019480000,0x0000000019580000] [id=8628]
  0x0000000019627000 WatcherThread [stack: 0x000000001a380000,0x000000001a480000] [id=1268]

VM state:not at safepoint (normal execution)

VM Mutex/Monitor currently owned by a thread: None

heap address: 0x0000000080000000, size: 2048 MB, Compressed Oops mode: 32-bit
Narrow klass base: 0x0000000000000000, Narrow klass shift: 3
Compressed class space size: 1073741824 Address: 0x0000000100000000

Heap:
 PSYoungGen      total 175616K, used 23185K [0x00000000d5580000, 0x00000000e2280000, 0x0000000100000000)
  eden space 163840K, 6% used [0x00000000d5580000,0x00000000d60aa2d0,0x00000000df580000)
  from space 11776K, 99% used [0x00000000e0b80000,0x00000000e16fa1f0,0x00000000e1700000)
  to   space 8192K, 0% used [0x00000000e1a80000,0x00000000e1a80000,0x00000000e2280000)
 ParOldGen       total 138752K, used 27741K [0x0000000080000000, 0x0000000088780000, 0x00000000d5580000)
  object space 138752K, 19% used [0x0000000080000000,0x0000000081b17470,0x0000000088780000)
 Metaspace       used 53098K, capacity 55244K, committed 55592K, reserved 1097728K
  class space    used 7165K, capacity 7632K, committed 7728K, reserved 1048576K

Card table byte_map: [0x0000000011b10000,0x0000000011f20000] byte_map_base: 0x0000000011710000

Marking Bits: (ParMarkBitMap*) 0x0000000071e2f030
 Begin Bits: [0x00000000129d0000, 0x00000000149d0000)
 End Bits:   [0x00000000149d0000, 0x00000000169d0000)

Polling page: 0x0000000000c50000

CodeCache: size=245760Kb used=15066Kb max_used=16003Kb free=230693Kb
 bounds [0x0000000002750000, 0x0000000003720000, 0x0000000011750000]
 total_blobs=5163 nmethods=4401 adapters=675
 compilation: enabled

Compilation events (10 events):
Event: 6.213 Thread 0x00000000195ce800 nmethod 4820 0x0000000002bd5f50 code [0x0000000002bd60c0, 0x0000000002bd63e8]
Event: 6.213 Thread 0x00000000195ce800 4821       3       org.gradle.api.internal.tasks.DefaultTaskContainer_Decorated::getEventRegister (39 bytes)
Event: 6.214 Thread 0x00000000195ce800 nmethod 4821 0x0000000002cc7950 code [0x0000000002cc7b20, 0x0000000002cc82c8]
Event: 6.214 Thread 0x00000000195b9000 4822       4       java.util.jar.Manifest::getTrustedAttributes (57 bytes)
Event: 6.220 Thread 0x00000000195b9000 nmethod 4822 0x0000000002e503d0 code [0x0000000002e50540, 0x0000000002e50b08]
Event: 6.222 Thread 0x00000000195ce800 4823       3       com.google.common.collect.ImmutableSet::builder (8 bytes)
Event: 6.222 Thread 0x00000000195b9000 4824       4       java.lang.invoke.MethodType::makeImpl (66 bytes)
Event: 6.222 Thread 0x00000000195ce800 nmethod 4823 0x0000000002e6ab50 code [0x0000000002e6ace0, 0x0000000002e6b0e8]
Event: 6.222 Thread 0x00000000195ce800 4825       1       org.gradle.api.internal.provider.DefaultProperty::getType (5 bytes)
Event: 6.222 Thread 0x00000000195ce800 nmethod 4825 0x0000000002bd5c50 code [0x0000000002bd5da0, 0x0000000002bd5eb0]

GC Heap History (10 events):
Event: 3.971 GC heap before
{Heap before GC invocations=7 (full 1):
 PSYoungGen      total 76288K, used 74257K [0x00000000d5580000, 0x00000000dda00000, 0x0000000100000000)
  eden space 65536K, 100% used [0x00000000d5580000,0x00000000d9580000,0x00000000d9580000)
  from space 10752K, 81% used [0x00000000d9580000,0x00000000d9e045a8,0x00000000da000000)
  to   space 12288K, 0% used [0x00000000dce00000,0x00000000dce00000,0x00000000dda00000)
 ParOldGen       total 91648K, used 7066K [0x0000000080000000, 0x0000000085980000, 0x00000000d5580000)
  object space 91648K, 7% used [0x0000000080000000,0x00000000806e69c0,0x0000000085980000)
 Metaspace       used 32976K, capacity 34032K, committed 34352K, reserved 1079296K
  class space    used 4520K, capacity 4789K, committed 4912K, reserved 1048576K
Event: 3.977 GC heap after
Heap after GC invocations=7 (full 1):
 PSYoungGen      total 120320K, used 9503K [0x00000000d5580000, 0x00000000dd880000, 0x0000000100000000)
  eden space 109568K, 0% used [0x00000000d5580000,0x00000000d5580000,0x00000000dc080000)
  from space 10752K, 88% used [0x00000000dce00000,0x00000000dd747e00,0x00000000dd880000)
  to   space 12288K, 0% used [0x00000000dc080000,0x00000000dc080000,0x00000000dcc80000)
 ParOldGen       total 91648K, used 7074K [0x0000000080000000, 0x0000000085980000, 0x00000000d5580000)
  object space 91648K, 7% used [0x0000000080000000,0x00000000806e89c0,0x0000000085980000)
 Metaspace       used 32976K, capacity 34032K, committed 34352K, reserved 1079296K
  class space    used 4520K, capacity 4789K, committed 4912K, reserved 1048576K
}
Event: 4.130 GC heap before
{Heap before GC invocations=8 (full 1):
 PSYoungGen      total 120320K, used 37074K [0x00000000d5580000, 0x00000000dd880000, 0x0000000100000000)
  eden space 109568K, 25% used [0x00000000d5580000,0x00000000d706caf0,0x00000000dc080000)
  from space 10752K, 88% used [0x00000000dce00000,0x00000000dd747e00,0x00000000dd880000)
  to   space 12288K, 0% used [0x00000000dc080000,0x00000000dc080000,0x00000000dcc80000)
 ParOldGen       total 91648K, used 7074K [0x0000000080000000, 0x0000000085980000, 0x00000000d5580000)
  object space 91648K, 7% used [0x0000000080000000,0x00000000806e89c0,0x0000000085980000)
 Metaspace       used 34318K, capacity 35408K, committed 35496K, reserved 1079296K
  class space    used 4732K, capacity 5003K, committed 5040K, reserved 1048576K
Event: 4.138 GC heap after
Heap after GC invocations=8 (full 1):
 PSYoungGen      total 121856K, used 8052K [0x00000000d5580000, 0x00000000e2600000, 0x0000000100000000)
  eden space 109568K, 0% used [0x00000000d5580000,0x00000000d5580000,0x00000000dc080000)
  from space 12288K, 65% used [0x00000000dc080000,0x00000000dc85d290,0x00000000dcc80000)
  to   space 11776K, 0% used [0x00000000e1a80000,0x00000000e1a80000,0x00000000e2600000)
 ParOldGen       total 91648K, used 7082K [0x0000000080000000, 0x0000000085980000, 0x00000000d5580000)
  object space 91648K, 7% used [0x0000000080000000,0x00000000806ea9c0,0x0000000085980000)
 Metaspace       used 34318K, capacity 35408K, committed 35496K, reserved 1079296K
  class space    used 4732K, capacity 5003K, committed 5040K, reserved 1048576K
}
Event: 4.138 GC heap before
{Heap before GC invocations=9 (full 2):
 PSYoungGen      total 121856K, used 8052K [0x00000000d5580000, 0x00000000e2600000, 0x0000000100000000)
  eden space 109568K, 0% used [0x00000000d5580000,0x00000000d5580000,0x00000000dc080000)
  from space 12288K, 65% used [0x00000000dc080000,0x00000000dc85d290,0x00000000dcc80000)
  to   space 11776K, 0% used [0x00000000e1a80000,0x00000000e1a80000,0x00000000e2600000)
 ParOldGen       total 91648K, used 7082K [0x0000000080000000, 0x0000000085980000, 0x00000000d5580000)
  object space 91648K, 7% used [0x0000000080000000,0x00000000806ea9c0,0x0000000085980000)
 Metaspace       used 34318K, capacity 35408K, committed 35496K, reserved 1079296K
  class space    used 4732K, capacity 5003K, committed 5040K, reserved 1048576K
Event: 4.180 GC heap after
Heap after GC invocations=9 (full 2):
 PSYoungGen      total 121856K, used 0K [0x00000000d5580000, 0x00000000e2600000, 0x0000000100000000)
  eden space 109568K, 0% used [0x00000000d5580000,0x00000000d5580000,0x00000000dc080000)
  from space 12288K, 0% used [0x00000000dc080000,0x00000000dc080000,0x00000000dcc80000)
  to   space 11776K, 0% used [0x00000000e1a80000,0x00000000e1a80000,0x00000000e2600000)
 ParOldGen       total 138752K, used 14468K [0x0000000080000000, 0x0000000088780000, 0x00000000d5580000)
  object space 138752K, 10% used [0x0000000080000000,0x0000000080e210f8,0x0000000088780000)
 Metaspace       used 34318K, capacity 35408K, committed 35496K, reserved 1079296K
  class space    used 4732K, capacity 5003K, committed 5040K, reserved 1048576K
}
Event: 4.791 GC heap before
{Heap before GC invocations=10 (full 2):
 PSYoungGen      total 121856K, used 109568K [0x00000000d5580000, 0x00000000e2600000, 0x0000000100000000)
  eden space 109568K, 100% used [0x00000000d5580000,0x00000000dc080000,0x00000000dc080000)
  from space 12288K, 0% used [0x00000000dc080000,0x00000000dc080000,0x00000000dcc80000)
  to   space 11776K, 0% used [0x00000000e1a80000,0x00000000e1a80000,0x00000000e2600000)
 ParOldGen       total 138752K, used 14468K [0x0000000080000000, 0x0000000088780000, 0x00000000d5580000)
  object space 138752K, 10% used [0x0000000080000000,0x0000000080e210f8,0x0000000088780000)
 Metaspace       used 37609K, capacity 39302K, committed 39464K, reserved 1083392K
  class space    used 5206K, capacity 5585K, committed 5680K, reserved 1048576K
Event: 4.800 GC heap after
Heap after GC invocations=10 (full 2):
 PSYoungGen      total 172032K, used 7867K [0x00000000d5580000, 0x00000000e2280000, 0x0000000100000000)
  eden space 163840K, 0% used [0x00000000d5580000,0x00000000d5580000,0x00000000df580000)
  from space 8192K, 96% used [0x00000000e1a80000,0x00000000e222ed18,0x00000000e2280000)
  to   space 11776K, 0% used [0x00000000e0b80000,0x00000000e0b80000,0x00000000e1700000)
 ParOldGen       total 138752K, used 14476K [0x0000000080000000, 0x0000000088780000, 0x00000000d5580000)
  object space 138752K, 10% used [0x0000000080000000,0x0000000080e230f8,0x0000000088780000)
 Metaspace       used 37609K, capacity 39302K, committed 39464K, reserved 1083392K
  class space    used 5206K, capacity 5585K, committed 5680K, reserved 1048576K
}
Event: 6.078 GC heap before
{Heap before GC invocations=11 (full 2):
 PSYoungGen      total 172032K, used 171707K [0x00000000d5580000, 0x00000000e2280000, 0x0000000100000000)
  eden space 163840K, 100% used [0x00000000d5580000,0x00000000df580000,0x00000000df580000)
  from space 8192K, 96% used [0x00000000e1a80000,0x00000000e222ed18,0x00000000e2280000)
  to   space 11776K, 0% used [0x00000000e0b80000,0x00000000e0b80000,0x00000000e1700000)
 ParOldGen       total 138752K, used 14476K [0x0000000080000000, 0x0000000088780000, 0x00000000d5580000)
  object space 138752K, 10% used [0x0000000080000000,0x0000000080e230f8,0x0000000088780000)
 Metaspace       used 51806K, capacity 53876K, committed 54056K, reserved 1095680K
  class space    used 6951K, capacity 7400K, committed 7472K, reserved 1048576K
Event: 6.095 GC heap after
Heap after GC invocations=11 (full 2):
 PSYoungGen      total 175616K, used 11752K [0x00000000d5580000, 0x00000000e2280000, 0x0000000100000000)
  eden space 163840K, 0% used [0x00000000d5580000,0x00000000d5580000,0x00000000df580000)
  from space 11776K, 99% used [0x00000000e0b80000,0x00000000e16fa1f0,0x00000000e1700000)
  to   space 8192K, 0% used [0x00000000e1a80000,0x00000000e1a80000,0x00000000e2280000)
 ParOldGen       total 138752K, used 27741K [0x0000000080000000, 0x0000000088780000, 0x00000000d5580000)
  object space 138752K, 19% used [0x0000000080000000,0x0000000081b17470,0x0000000088780000)
 Metaspace       used 51806K, capacity 53876K, committed 54056K, reserved 1095680K
  class space    used 6951K, capacity 7400K, committed 7472K, reserved 1048576K
}

Deoptimization events (10 events):
Event: 5.814 Thread 0x000000001c15b000 Uncommon trap: reason=unstable_if action=reinterpret pc=0x000000000347b770 method=org.gradle.internal.instantiation.generator.AbstractClassGenerator$InjectionAnnotationValidator.validateMethod(Ljava/lang/reflect/Method;Lorg/gradle/internal/reflect/Propert
Event: 5.814 Thread 0x000000001c15b000 Uncommon trap: reason=unstable_if action=reinterpret pc=0x000000000349aa98 method=org.gradle.internal.instantiation.generator.AbstractClassGenerator$InjectionAnnotationValidator.validateMethod(Ljava/lang/reflect/Method;Lorg/gradle/internal/reflect/Propert
Event: 5.840 Thread 0x000000001c15b000 Uncommon trap: reason=unstable_if action=reinterpret pc=0x00000000033b413c method=org.codehaus.groovy.runtime.metaclass.MetaMethodIndex.isNonRealMethod(Lgroovy/lang/MetaMethod;)Z @ 4
Event: 5.840 Thread 0x000000001c15b000 Uncommon trap: reason=unstable_if action=reinterpret pc=0x00000000033e9a38 method=groovy.lang.MetaClassImpl$1MOPIter.methodNameAction(Ljava/lang/Class;Lorg/codehaus/groovy/runtime/metaclass/MetaMethodIndex$Entry;)V @ 182
Event: 5.850 Thread 0x000000001c15b000 Uncommon trap: reason=unstable_if action=reinterpret pc=0x0000000003526710 method=java.lang.ClassLoader.checkCerts(Ljava/lang/String;Ljava/security/CodeSource;)V @ 29
Event: 5.850 Thread 0x000000001c15b000 Uncommon trap: reason=unstable_if action=reinterpret pc=0x0000000003541c34 method=java.lang.ClassLoader.defineClassSourceLocation(Ljava/security/ProtectionDomain;)Ljava/lang/String; @ 8
Event: 5.856 Thread 0x000000001c15b000 Uncommon trap: reason=class_check action=maybe_recompile pc=0x0000000002eaa728 method=java.util.WeakHashMap.eq(Ljava/lang/Object;Ljava/lang/Object;)Z @ 7
Event: 5.918 Thread 0x000000001c15b000 Uncommon trap: reason=null_check action=make_not_entrant pc=0x0000000002efd590 method=java.lang.Class.searchMethods([Ljava/lang/reflect/Method;Ljava/lang/String;[Ljava/lang/Class;)Ljava/lang/reflect/Method; @ 59
Event: 5.954 Thread 0x000000001c15b000 Uncommon trap: reason=class_check action=maybe_recompile pc=0x0000000002eaa728 method=java.util.WeakHashMap.eq(Ljava/lang/Object;Ljava/lang/Object;)Z @ 7
Event: 5.956 Thread 0x000000001c15b000 Uncommon trap: reason=class_check action=maybe_recompile pc=0x0000000002eaa728 method=java.util.WeakHashMap.eq(Ljava/lang/Object;Ljava/lang/Object;)Z @ 7

Classes redefined (0 events):
No events

Internal exceptions (10 events):
Event: 5.970 Thread 0x000000001c15b000 Exception <a 'java/lang/ClassNotFoundException': build_ckqnn8ko8j70ws7sr27slqlj9$_run_closure1$_closure4BeanInfo> (0x00000000dea3bd88) thrown at [C:\src\AOSP-openjdk-git\hotspot\src\share\vm\classfile\systemDictionary.cpp, line 210]
Event: 5.971 Thread 0x000000001c15b000 Exception <a 'java/lang/ClassNotFoundException': build_ckqnn8ko8j70ws7sr27slqlj9$_run_closure1$_closure4Customizer> (0x00000000dea4d8e8) thrown at [C:\src\AOSP-openjdk-git\hotspot\src\share\vm\classfile\systemDictionary.cpp, line 210]
Event: 5.972 Thread 0x000000001c15b000 Exception <a 'java/lang/ClassNotFoundException': build_ckqnn8ko8j70ws7sr27slqlj9$_run_closure1BeanInfo> (0x00000000dea7f0a8) thrown at [C:\src\AOSP-openjdk-git\hotspot\src\share\vm\classfile\systemDictionary.cpp, line 210]
Event: 5.972 Thread 0x000000001c15b000 Exception <a 'java/lang/ClassNotFoundException': build_ckqnn8ko8j70ws7sr27slqlj9$_run_closure1Customizer> (0x00000000dea90228) thrown at [C:\src\AOSP-openjdk-git\hotspot\src\share\vm\classfile\systemDictionary.cpp, line 210]
Event: 5.975 Thread 0x000000001c15b000 Exception <a 'java/lang/ClassNotFoundException': org/gradle/api/JavaVersionBeanInfo> (0x00000000deaf4478) thrown at [C:\src\AOSP-openjdk-git\hotspot\src\share\vm\classfile\systemDictionary.cpp, line 210]
Event: 5.976 Thread 0x000000001c15b000 Exception <a 'java/lang/ClassNotFoundException': org/gradle/api/JavaVersionCustomizer> (0x00000000deb21f18) thrown at [C:\src\AOSP-openjdk-git\hotspot\src\share\vm\classfile\systemDictionary.cpp, line 210]
Event: 5.977 Thread 0x000000001c15b000 Exception <a 'java/lang/ClassNotFoundException': com/android/build/gradle/internal/CompileOptions_DecoratedBeanInfo> (0x00000000deb87b58) thrown at [C:\src\AOSP-openjdk-git\hotspot\src\share\vm\classfile\systemDictionary.cpp, line 210]
Event: 5.977 Thread 0x000000001c15b000 Exception <a 'java/lang/ClassNotFoundException': com/android/build/gradle/internal/CompileOptionsBeanInfo> (0x00000000deba3458) thrown at [C:\src\AOSP-openjdk-git\hotspot\src\share\vm\classfile\systemDictionary.cpp, line 210]
Event: 5.978 Thread 0x000000001c15b000 Exception <a 'java/lang/ClassNotFoundException': com/android/build/gradle/internal/CompileOptionsCustomizer> (0x00000000debbef50) thrown at [C:\src\AOSP-openjdk-git\hotspot\src\share\vm\classfile\systemDictionary.cpp, line 210]
Event: 5.978 Thread 0x000000001c15b000 Exception <a 'java/lang/ClassNotFoundException': com/android/build/gradle/internal/CompileOptions_DecoratedCustomizer> (0x00000000debefdc0) thrown at [C:\src\AOSP-openjdk-git\hotspot\src\share\vm\classfile\systemDictionary.cpp, line 210]

Events (10 events):
Event: 6.222 loading class org/gradle/api/file/DirectoryProperty
Event: 6.222 loading class org/gradle/api/file/DirectoryProperty done
Event: 6.222 loading class kotlin/jvm/functions/Function1
Event: 6.222 loading class kotlin/jvm/functions/Function1 done
Event: 6.222 loading class org/gradle/api/file/DirectoryProperty
Event: 6.222 loading class org/gradle/api/file/DirectoryProperty done
Event: 6.222 loading class com/android/build/gradle/tasks/MergeResources
Event: 6.222 loading class com/android/build/gradle/tasks/MergeResources done
Event: 6.222 loading class kotlin/jvm/functions/Function1
Event: 6.222 loading class kotlin/jvm/functions/Function1 done


Dynamic libraries:
0x00007ff7f2dd0000 - 0x00007ff7f2e01000 	C:\Program Files\Android\Android Studio\jre\bin\java.exe
0x00007ff8792d0000 - 0x00007ff8794c6000 	C:\WINDOWS\SYSTEM32\ntdll.dll
0x00007ff879140000 - 0x00007ff8791fd000 	C:\WINDOWS\System32\KERNEL32.DLL
0x00007ff876aa0000 - 0x00007ff876d69000 	C:\WINDOWS\System32\KERNELBASE.dll
0x00007ff878700000 - 0x00007ff8787ac000 	C:\WINDOWS\System32\ADVAPI32.dll
0x00007ff878a60000 - 0x00007ff878afe000 	C:\WINDOWS\System32\msvcrt.dll
0x00007ff878e10000 - 0x00007ff878eac000 	C:\WINDOWS\System32\sechost.dll
0x00007ff8787b0000 - 0x00007ff8788db000 	C:\WINDOWS\System32\RPCRT4.dll
0x00007ff877fd0000 - 0x00007ff878170000 	C:\WINDOWS\System32\USER32.dll
0x00007ff876d70000 - 0x00007ff876d92000 	C:\WINDOWS\System32\win32u.dll
0x00007ff877fa0000 - 0x00007ff877fca000 	C:\WINDOWS\System32\GDI32.dll
0x00007ff877120000 - 0x00007ff87722b000 	C:\WINDOWS\System32\gdi32full.dll
0x00007ff876da0000 - 0x00007ff876e3d000 	C:\WINDOWS\System32\msvcp_win.dll
0x00007ff876ec0000 - 0x00007ff876fc0000 	C:\WINDOWS\System32\ucrtbase.dll
0x00007ff85d1c0000 - 0x00007ff85d45b000 	C:\WINDOWS\WinSxS\amd64_microsoft.windows.common-controls_6595b64144ccf1df_6.0.19041.746_none_ca02b4b61b8320a4\COMCTL32.dll
0x00007ff878a30000 - 0x00007ff878a60000 	C:\WINDOWS\System32\IMM32.DLL
0x0000000071360000 - 0x0000000071432000 	C:\Program Files\Android\Android Studio\jre\jre\bin\msvcr100.dll
0x0000000071660000 - 0x0000000071eab000 	C:\Program Files\Android\Android Studio\jre\jre\bin\server\jvm.dll
0x00007ff879000000 - 0x00007ff879008000 	C:\WINDOWS\System32\PSAPI.DLL
0x00007ff871ea0000 - 0x00007ff871ea9000 	C:\WINDOWS\SYSTEM32\WSOCK32.dll
0x00007ff86b6f0000 - 0x00007ff86b717000 	C:\WINDOWS\SYSTEM32\WINMM.dll
0x00007ff86dbe0000 - 0x00007ff86dbea000 	C:\WINDOWS\SYSTEM32\VERSION.dll
0x00007ff878f30000 - 0x00007ff878f9b000 	C:\WINDOWS\System32\WS2_32.dll
0x00007ff8708c0000 - 0x00007ff8708cf000 	C:\Program Files\Android\Android Studio\jre\jre\bin\verify.dll
0x00007ff8603e0000 - 0x00007ff860409000 	C:\Program Files\Android\Android Studio\jre\jre\bin\java.dll
0x00007ff863c20000 - 0x00007ff863c36000 	C:\Program Files\Android\Android Studio\jre\jre\bin\zip.dll
0x00007ff877840000 - 0x00007ff877f82000 	C:\WINDOWS\System32\SHELL32.dll
0x00007ff874b60000 - 0x00007ff8752f0000 	C:\WINDOWS\SYSTEM32\windows.storage.dll
0x00007ff877330000 - 0x00007ff877686000 	C:\WINDOWS\System32\combase.dll
0x00007ff876470000 - 0x00007ff87649c000 	C:\WINDOWS\SYSTEM32\Wldp.dll
0x00007ff878cb0000 - 0x00007ff878d5e000 	C:\WINDOWS\System32\SHCORE.dll
0x00007ff879010000 - 0x00007ff879065000 	C:\WINDOWS\System32\shlwapi.dll
0x00007ff876940000 - 0x00007ff876966000 	C:\WINDOWS\SYSTEM32\profapi.dll
0x00007ff863b90000 - 0x00007ff863baa000 	C:\Program Files\Android\Android Studio\jre\jre\bin\net.dll
0x00007ff8761f0000 - 0x00007ff87625a000 	C:\WINDOWS\system32\mswsock.dll
0x00007ff860570000 - 0x00007ff860583000 	C:\Program Files\Android\Android Studio\jre\jre\bin\nio.dll
0x00007ff8639c0000 - 0x00007ff8639e7000 	C:\Users\Study\.gradle\native\f6784746aeab05261644944871eae4fe03e0ef1612fff0a4a95f87b438bc6780\windows-amd64\native-platform.dll
0x00007ff86b860000 - 0x00007ff86b86d000 	C:\Program Files\Android\Android Studio\jre\jre\bin\management.dll
0x00007ff8763c0000 - 0x00007ff8763d8000 	C:\WINDOWS\SYSTEM32\CRYPTSP.dll
0x00007ff875b20000 - 0x00007ff875b54000 	C:\WINDOWS\system32\rsaenh.dll
0x00007ff876a10000 - 0x00007ff876a37000 	C:\WINDOWS\System32\bcrypt.dll
0x00007ff876900000 - 0x00007ff87692e000 	C:\WINDOWS\SYSTEM32\USERENV.dll
0x00007ff876e40000 - 0x00007ff876ec0000 	C:\WINDOWS\System32\bcryptprimitives.dll
0x00007ff8763e0000 - 0x00007ff8763ec000 	C:\WINDOWS\SYSTEM32\CRYPTBASE.dll
0x00007ff875e90000 - 0x00007ff875ecb000 	C:\WINDOWS\SYSTEM32\IPHLPAPI.DLL
0x00007ff877f90000 - 0x00007ff877f98000 	C:\WINDOWS\System32\NSI.dll
0x00007ff86ebe0000 - 0x00007ff86ebf7000 	C:\WINDOWS\SYSTEM32\dhcpcsvc6.DLL
0x00007ff86f5e0000 - 0x00007ff86f5fd000 	C:\WINDOWS\SYSTEM32\dhcpcsvc.DLL
0x00007ff875ee0000 - 0x00007ff875fab000 	C:\WINDOWS\SYSTEM32\DNSAPI.dll
0x00007ff86fad0000 - 0x00007ff86fadb000 	C:\WINDOWS\SYSTEM32\WINNSI.DLL

VM Arguments:
jvm_args: -Xmx2048m -Dfile.encoding=UTF-8 -Duser.country=US -Duser.language=en -Duser.variant 
java_command: org.gradle.launcher.daemon.bootstrap.GradleDaemon 6.5
java_class_path (initial): C:\Users\Study\.gradle\wrapper\dists\gradle-6.5-bin\6nifqtx7604sqp1q6g8wikw7p\gradle-6.5\lib\gradle-launcher-6.5.jar
Launcher Type: SUN_STANDARD

Environment Variables:
PATH=C:\Program Files\NVIDIA GPU Computing Toolkit\CUDA\v11.0\bin;C:\Program Files\NVIDIA GPU Computing Toolkit\CUDA\v11.0\libnvvp;C:\Program Files (x86)\Common Files\Oracle\Java\javapath;C:\Program Files (x86)\Intel\iCLS Client\;C:\Program Files\Intel\iCLS Client\;C:\Windows\system32;C:\Windows;C:\Windows\System32\Wbem;C:\Windows\System32\WindowsPowerShell\v1.0\;C:\Program Files (x86)\Intel\Intel(R) Management Engine Components\DAL;C:\Program Files\Intel\Intel(R) Management Engine Components\DAL;C:\Program Files (x86)\Intel\Intel(R) Management Engine Components\IPT;C:\Program Files\Intel\Intel(R) Management Engine Components\IPT;C:\Program Files (x86)\NVIDIA Corporation\PhysX\Common;C:\WINDOWS\system32;C:\WINDOWS;C:\WINDOWS\System32\Wbem;C:\WINDOWS\System32\WindowsPowerShell\v1.0\;C:\Program Files\dotnet\;C:\Program Files\Microsoft SQL Server\130\Tools\Binn\;C:\WINDOWS\System32\OpenSSH\;C:\Program Files\nodejs\;C:\Program Files\NVIDIA Corporation\NVIDIA NvDLISR;C:\Program Files\NVIDIA Corporation\Nsight Compute 2020.1.0\;C:\MinGW\bin;C:\Program Files (x86)\Windows Kits\10\Windows Performance Toolkit\;C:\WINDOWS\system32;C:\WINDOWS;C:\WINDOWS\System32\Wbem;C:\WINDOWS\System32\WindowsPowerShell\v1.0\;C:\WINDOWS\System32\OpenSSH\;C:\Users\Study\AppData\Local\Programs\Git\cmd;C:\Users\Study\AppData\Local\Microsoft\WindowsApps;C:\Users\Study\AppData\Roaming\npm;C:\Users\Study\AppData\Local\Programs\Git\cmd;C:\Users\Study\AppData\Local\Programs\Microsoft VS Code\bin;C:\Users\Study\AppData\Local\Microsoft\WindowsApps;C:\Users\Study\AppData\Local\Google\Cloud SDK\google-cloud-sdk\bin
USERNAME=Study
OS=Windows_NT
PROCESSOR_IDENTIFIER=Intel64 Family 6 Model 158 Stepping 9, GenuineIntel



---------------  S Y S T E M  ---------------

OS: Windows 10.0 , 64 bit Build 19041 (10.0.19041.804)

CPU:total 8 (initial active 8) (4 cores per cpu, 2 threads per core) family 6 model 158 stepping 9, cmov, cx8, fxsr, mmx, sse, sse2, sse3, ssse3, sse4.1, sse4.2, popcnt, avx, avx2, aes, clmul, erms, 3dnowpref, lzcnt, ht, tsc, tscinvbit, bmi1, bmi2, adx

Memory: 4k page, physical 16658020k(3282740k free), swap 21778020k(6308k free)

vm_info: OpenJDK 64-Bit Server VM (25.242-b01) for windows-amd64 JRE (1.8.0_242-release-1644-b01), built by "builder" with MS VC++ 10.0 (VS2010)

time: Tue Feb 23 19:42:57 2021
timezone: Eastern Standard Time
elapsed time: 6 seconds (0d 0h 0m 6s)

